2025-11-05 23:12:10,003 [INFO] Logging initialized. Log file: logs\train_20251105_231210.log
2025-11-05 23:12:10,005 [INFO] Configuration loaded.
2025-11-05 23:12:10,006 [INFO] Random seed set to 42
2025-11-05 23:12:10,006 [INFO] Using device: cpu
2025-11-05 23:12:10,600 [INFO] Data loaded and preprocessed.
2025-11-05 23:12:10,727 [INFO] Data split into train/val/test sets.
2025-11-05 23:12:12,105 [INFO] DataLoaders created.
2025-11-05 23:12:12,108 [INFO] Model initialized.
2025-11-05 23:12:16,299 [INFO] Epoch 1/50 | Train Loss: 0.1092, Train Acc: 97.19% | Val Loss: 0.0466, Val Acc: 98.84%
2025-11-05 23:12:19,514 [INFO] Epoch 2/50 | Train Loss: 0.0499, Train Acc: 98.69% | Val Loss: 0.0431, Val Acc: 98.84%
2025-11-05 23:12:22,727 [INFO] Epoch 3/50 | Train Loss: 0.0419, Train Acc: 98.78% | Val Loss: 0.0411, Val Acc: 98.80%
2025-11-05 23:12:26,199 [INFO] Epoch 4/50 | Train Loss: 0.0375, Train Acc: 98.90% | Val Loss: 0.0389, Val Acc: 98.93%
2025-11-05 23:12:29,365 [INFO] Epoch 5/50 | Train Loss: 0.0333, Train Acc: 99.01% | Val Loss: 0.0363, Val Acc: 99.04%
2025-11-05 23:12:32,565 [INFO] Epoch 6/50 | Train Loss: 0.0304, Train Acc: 99.09% | Val Loss: 0.0368, Val Acc: 98.96%
2025-11-05 23:12:35,769 [INFO] Epoch 7/50 | Train Loss: 0.0267, Train Acc: 99.10% | Val Loss: 0.0333, Val Acc: 98.96%
2025-11-05 23:12:39,002 [INFO] Epoch 8/50 | Train Loss: 0.0247, Train Acc: 99.18% | Val Loss: 0.0364, Val Acc: 99.17%
2025-11-05 23:12:42,409 [INFO] Epoch 9/50 | Train Loss: 0.0219, Train Acc: 99.33% | Val Loss: 0.0354, Val Acc: 98.95%
2025-11-05 23:12:45,726 [INFO] Epoch 10/50 | Train Loss: 0.0202, Train Acc: 99.34% | Val Loss: 0.0346, Val Acc: 98.95%
2025-11-05 23:12:45,726 [INFO] Early stopping triggered at epoch 10.
2025-11-05 23:12:45,728 [INFO] Training completed.
2025-11-05 23:12:45,923 [INFO] Final Test Accuracy: 98.74%
2025-11-05 23:12:45,930 [INFO] Per-class metrics:
              precision    recall  f1-score   support

     warning       0.98      0.97      0.97       281
     correct       0.99      0.99      0.99      4788
       error       0.92      0.90      0.91       201
     ignored       1.00      1.00      1.00        29
  obstructed       0.95      0.97      0.96       325

    accuracy                           0.99      5624
   macro avg       0.97      0.97      0.97      5624
weighted avg       0.99      0.99      0.99      5624

2025-11-05 23:13:40,021 [INFO] Accuracy for 'correct' vs all others: 98.83%
2025-11-05 23:13:40,026 [INFO] Per-class metrics:
              precision    recall  f1-score   support

     correct       0.96      0.96      0.96       836
 not correct       0.99      0.99      0.99      4788

    accuracy                           0.99      5624
   macro avg       0.98      0.98      0.98      5624
weighted avg       0.99      0.99      0.99      5624

2025-11-05 23:13:40,026 [INFO] Evaluation completed.
2025-11-05 23:13:40,434 [INFO] Predicted next label: ignored
2025-11-05 23:13:40,434 [INFO] Example next-step prediction: ignored
